<?xml version="1.0" encoding="UTF-8"?>
<testsuite xmlns:xsi="http://www.w3.org/2001/XMLSchema-instance" xsi:noNamespaceSchemaLocation="https://maven.apache.org/surefire/maven-surefire-plugin/xsd/surefire-test-report-3.0.xsd" version="3.0" name="com.example.loan.controller.OfficerControllerTest" time="0.613" tests="15" errors="0" skipped="0" failures="0">
  <properties>
[...]
</properties>
  <testcase name="testAddOfficerPage" classname="com.example.loan.controller.OfficerControllerTest" time="0.013">
    <system-out><![CDATA[2025-05-29T21:20:43.239+05:30  INFO 11596 --- [           main] t.c.s.AnnotationConfigContextLoaderUtils : Could not detect default configuration classes for test class [com.example.loan.controller.OfficerControllerTest]: OfficerControllerTest does not declare any static, non-private, non-final, nested classes annotated with @Configuration.
2025-05-29T21:20:43.257+05:30  INFO 11596 --- [           main] .b.t.c.SpringBootTestContextBootstrapper : Found @SpringBootConfiguration com.example.loan.Main for test class com.example.loan.controller.OfficerControllerTest
2025-05-29T21:20:43.265+05:30  INFO 11596 --- [           main] o.s.b.d.r.RestartApplicationListener     : Restart disabled due to context in which it is running

  .   ____          _            __ _ _
 /\\ / ___'_ __ _ _(_)_ __  __ _ \ \ \ \
( ( )\___ | '_ | '_| | '_ \/ _` | \ \ \ \
 \\/  ___)| |_)| | | | | || (_| |  ) ) ) )
  '  |____| .__|_| |_|_| |_\__, | / / / /
 =========|_|==============|___/=/_/_/_/

 :: Spring Boot ::                (v3.3.3)

2025-05-29T21:20:43.288+05:30  INFO 11596 --- [           main] c.e.l.controller.OfficerControllerTest   : Starting OfficerControllerTest using Java 18.0.2.1 with PID 11596 (started by Dhivya in C:\Users\Dhivya\Downloads\Loan_Management_System-20250529T113924Z-1-001\Loan_Management_System)
2025-05-29T21:20:43.288+05:30  INFO 11596 --- [           main] c.e.l.controller.OfficerControllerTest   : No active profile set, falling back to 1 default profile: "default"
2025-05-29T21:20:43.608+05:30  INFO 11596 --- [           main] o.s.b.t.m.w.SpringBootMockServletContext : Initializing Spring TestDispatcherServlet ''
2025-05-29T21:20:43.608+05:30  INFO 11596 --- [           main] o.s.t.web.servlet.TestDispatcherServlet  : Initializing Servlet ''
2025-05-29T21:20:43.608+05:30  INFO 11596 --- [           main] o.s.t.web.servlet.TestDispatcherServlet  : Completed initialization in 0 ms
2025-05-29T21:20:43.615+05:30  INFO 11596 --- [           main] c.e.l.controller.OfficerControllerTest   : Started OfficerControllerTest in 0.35 seconds (process running for 9.77)
2025-05-29T21:20:43.627+05:30  INFO 11596 --- [           main] o.s.mock.web.MockServletContext          : Initializing Spring TestDispatcherServlet ''
2025-05-29T21:20:43.627+05:30  INFO 11596 --- [           main] o.s.t.web.servlet.TestDispatcherServlet  : Initializing Servlet ''
2025-05-29T21:20:43.627+05:30  INFO 11596 --- [           main] o.s.t.web.servlet.TestDispatcherServlet  : Completed initialization in 0 ms
]]></system-out>
  </testcase>
  <testcase name="testDeleteOfficer_Success" classname="com.example.loan.controller.OfficerControllerTest" time="0.014">
    <system-out><![CDATA[2025-05-29T21:20:43.641+05:30  INFO 11596 --- [           main] o.s.mock.web.MockServletContext          : Initializing Spring TestDispatcherServlet ''
2025-05-29T21:20:43.642+05:30  INFO 11596 --- [           main] o.s.t.web.servlet.TestDispatcherServlet  : Initializing Servlet ''
2025-05-29T21:20:43.642+05:30  INFO 11596 --- [           main] o.s.t.web.servlet.TestDispatcherServlet  : Completed initialization in 0 ms
2025-05-29T21:20:43.646+05:30  INFO 11596 --- [           main] c.e.loan.controller.OfficerController    : Given id for delete officer: 1
]]></system-out>
  </testcase>
  <testcase name="testViewPendingLoans_Success" classname="com.example.loan.controller.OfficerControllerTest" time="0.019">
    <system-out><![CDATA[2025-05-29T21:20:43.659+05:30  INFO 11596 --- [           main] o.s.mock.web.MockServletContext          : Initializing Spring TestDispatcherServlet ''
2025-05-29T21:20:43.659+05:30  INFO 11596 --- [           main] o.s.t.web.servlet.TestDispatcherServlet  : Initializing Servlet ''
2025-05-29T21:20:43.659+05:30  INFO 11596 --- [           main] o.s.t.web.servlet.TestDispatcherServlet  : Completed initialization in 0 ms
2025-05-29T21:20:43.661+05:30  INFO 11596 --- [           main] c.e.loan.controller.OfficerController    : Fetched username: officerUser
]]></system-out>
  </testcase>
  <testcase name="testvalidateLoginPage_Success" classname="com.example.loan.controller.OfficerControllerTest" time="0.012">
    <system-out><![CDATA[2025-05-29T21:20:43.680+05:30  INFO 11596 --- [           main] o.s.mock.web.MockServletContext          : Initializing Spring TestDispatcherServlet ''
2025-05-29T21:20:43.680+05:30  INFO 11596 --- [           main] o.s.t.web.servlet.TestDispatcherServlet  : Initializing Servlet ''
2025-05-29T21:20:43.680+05:30  INFO 11596 --- [           main] o.s.t.web.servlet.TestDispatcherServlet  : Completed initialization in 0 ms
]]></system-out>
  </testcase>
  <testcase name="testOfficerLogin" classname="com.example.loan.controller.OfficerControllerTest" time="0.01">
    <system-out><![CDATA[2025-05-29T21:20:43.694+05:30  INFO 11596 --- [           main] o.s.mock.web.MockServletContext          : Initializing Spring TestDispatcherServlet ''
2025-05-29T21:20:43.694+05:30  INFO 11596 --- [           main] o.s.t.web.servlet.TestDispatcherServlet  : Initializing Servlet ''
2025-05-29T21:20:43.694+05:30  INFO 11596 --- [           main] o.s.t.web.servlet.TestDispatcherServlet  : Completed initialization in 0 ms
]]></system-out>
  </testcase>
  <testcase name="testUpdateOfficer_Success" classname="com.example.loan.controller.OfficerControllerTest" time="0.012">
    <system-out><![CDATA[2025-05-29T21:20:43.706+05:30  INFO 11596 --- [           main] o.s.mock.web.MockServletContext          : Initializing Spring TestDispatcherServlet ''
2025-05-29T21:20:43.708+05:30  INFO 11596 --- [           main] o.s.t.web.servlet.TestDispatcherServlet  : Initializing Servlet ''
2025-05-29T21:20:43.708+05:30  INFO 11596 --- [           main] o.s.t.web.servlet.TestDispatcherServlet  : Completed initialization in 0 ms
2025-05-29T21:20:43.709+05:30  INFO 11596 --- [           main] c.e.loan.controller.OfficerController    : Given id for update officer: 1
]]></system-out>
  </testcase>
  <testcase name="testOfficerDashboard" classname="com.example.loan.controller.OfficerControllerTest" time="0.011">
    <system-out><![CDATA[2025-05-29T21:20:43.722+05:30  INFO 11596 --- [           main] o.s.mock.web.MockServletContext          : Initializing Spring TestDispatcherServlet ''
2025-05-29T21:20:43.723+05:30  INFO 11596 --- [           main] o.s.t.web.servlet.TestDispatcherServlet  : Initializing Servlet ''
2025-05-29T21:20:43.723+05:30  INFO 11596 --- [           main] o.s.t.web.servlet.TestDispatcherServlet  : Completed initialization in 0 ms
]]></system-out>
  </testcase>
  <testcase name="testvalidateLoginPage_Failure" classname="com.example.loan.controller.OfficerControllerTest" time="0.01">
    <system-out><![CDATA[2025-05-29T21:20:43.734+05:30  INFO 11596 --- [           main] o.s.mock.web.MockServletContext          : Initializing Spring TestDispatcherServlet ''
2025-05-29T21:20:43.734+05:30  INFO 11596 --- [           main] o.s.t.web.servlet.TestDispatcherServlet  : Initializing Servlet ''
2025-05-29T21:20:43.734+05:30  INFO 11596 --- [           main] o.s.t.web.servlet.TestDispatcherServlet  : Completed initialization in 0 ms
]]></system-out>
  </testcase>
  <testcase name="testpostUpdateOfficer_Success" classname="com.example.loan.controller.OfficerControllerTest" time="0.014">
    <system-out><![CDATA[2025-05-29T21:20:43.747+05:30  INFO 11596 --- [           main] o.s.mock.web.MockServletContext          : Initializing Spring TestDispatcherServlet ''
2025-05-29T21:20:43.748+05:30  INFO 11596 --- [           main] o.s.t.web.servlet.TestDispatcherServlet  : Initializing Servlet ''
2025-05-29T21:20:43.748+05:30  INFO 11596 --- [           main] o.s.t.web.servlet.TestDispatcherServlet  : Completed initialization in 0 ms
]]></system-out>
  </testcase>
  <testcase name="testAddOfficer_Success" classname="com.example.loan.controller.OfficerControllerTest" time="0.015">
    <system-out><![CDATA[2025-05-29T21:20:43.765+05:30  INFO 11596 --- [           main] o.s.mock.web.MockServletContext          : Initializing Spring TestDispatcherServlet ''
2025-05-29T21:20:43.765+05:30  INFO 11596 --- [           main] o.s.t.web.servlet.TestDispatcherServlet  : Initializing Servlet ''
2025-05-29T21:20:43.766+05:30  INFO 11596 --- [           main] o.s.t.web.servlet.TestDispatcherServlet  : Completed initialization in 0 ms
]]></system-out>
  </testcase>
  <testcase name="testProcessDecision_Success" classname="com.example.loan.controller.OfficerControllerTest" time="0.012">
    <system-out><![CDATA[2025-05-29T21:20:43.781+05:30  INFO 11596 --- [           main] o.s.mock.web.MockServletContext          : Initializing Spring TestDispatcherServlet ''
2025-05-29T21:20:43.781+05:30  INFO 11596 --- [           main] o.s.t.web.servlet.TestDispatcherServlet  : Initializing Servlet ''
2025-05-29T21:20:43.781+05:30  INFO 11596 --- [           main] o.s.t.web.servlet.TestDispatcherServlet  : Completed initialization in 0 ms
]]></system-out>
  </testcase>
  <testcase name="testAddOfficer_UsernameExists" classname="com.example.loan.controller.OfficerControllerTest" time="0.011">
    <system-out><![CDATA[2025-05-29T21:20:43.795+05:30  INFO 11596 --- [           main] o.s.mock.web.MockServletContext          : Initializing Spring TestDispatcherServlet ''
2025-05-29T21:20:43.795+05:30  INFO 11596 --- [           main] o.s.t.web.servlet.TestDispatcherServlet  : Initializing Servlet ''
2025-05-29T21:20:43.795+05:30  INFO 11596 --- [           main] o.s.t.web.servlet.TestDispatcherServlet  : Completed initialization in 0 ms
]]></system-out>
  </testcase>
  <testcase name="testViewPendingLoans_UnSuccessful" classname="com.example.loan.controller.OfficerControllerTest" time="0.01">
    <system-out><![CDATA[2025-05-29T21:20:43.809+05:30  INFO 11596 --- [           main] o.s.mock.web.MockServletContext          : Initializing Spring TestDispatcherServlet ''
2025-05-29T21:20:43.809+05:30  INFO 11596 --- [           main] o.s.t.web.servlet.TestDispatcherServlet  : Initializing Servlet ''
2025-05-29T21:20:43.809+05:30  INFO 11596 --- [           main] o.s.t.web.servlet.TestDispatcherServlet  : Completed initialization in 0 ms
]]></system-out>
  </testcase>
  <testcase name="testDeleteOfficer_NotFound" classname="com.example.loan.controller.OfficerControllerTest" time="0.012">
    <system-out><![CDATA[2025-05-29T21:20:43.821+05:30  INFO 11596 --- [           main] o.s.mock.web.MockServletContext          : Initializing Spring TestDispatcherServlet ''
2025-05-29T21:20:43.821+05:30  INFO 11596 --- [           main] o.s.t.web.servlet.TestDispatcherServlet  : Initializing Servlet ''
2025-05-29T21:20:43.821+05:30  INFO 11596 --- [           main] o.s.t.web.servlet.TestDispatcherServlet  : Completed initialization in 0 ms
2025-05-29T21:20:43.823+05:30  INFO 11596 --- [           main] c.e.loan.controller.OfficerController    : Given id for delete officer: 1
2025-05-29T21:20:43.824+05:30 ERROR 11596 --- [           main] c.e.loan.controller.OfficerController    : Error: Officer not found
]]></system-out>
  </testcase>
  <testcase name="testViewOfficer" classname="com.example.loan.controller.OfficerControllerTest" time="0.017">
    <system-out><![CDATA[2025-05-29T21:20:43.842+05:30  INFO 11596 --- [           main] o.s.mock.web.MockServletContext          : Initializing Spring TestDispatcherServlet ''
2025-05-29T21:20:43.842+05:30  INFO 11596 --- [           main] o.s.t.web.servlet.TestDispatcherServlet  : Initializing Servlet ''
2025-05-29T21:20:43.842+05:30  INFO 11596 --- [           main] o.s.t.web.servlet.TestDispatcherServlet  : Completed initialization in 0 ms
]]></system-out>
  </testcase>
</testsuite>